<?xml version="1.0" encoding="UTF-8"?>
<testsuite name="TestUmlA3" tests="7" skipped="0" failures="3" errors="0" timestamp="2025-02-25T15:00:55" hostname="ubuntu" time="0.289">
  <properties/>
  <testcase name="test6 - 'A3' has method(s)()" classname="TestUmlA3" time="0.26"/>
  <testcase name="test2 - 'A3' extends other classe(s)()" classname="TestUmlA3" time="0.006"/>
  <testcase name="test0 - class A3 is abstract or not()" classname="TestUmlA3" time="0.001"/>
  <testcase name="test3 - 'A3' has a constructor()" classname="TestUmlA3" time="0.016">
    <failure message="org.gradle.internal.exceptions.DefaultMultiCauseException: Multiple Failures (2 failures)&#10;&#9;org.opentest4j.AssertionFailedError: Le constructeur n'a pas le bon nombre de paramètres ==&gt; expected: &lt;1&gt; but was: &lt;0&gt;&#10;&#9;org.opentest4j.AssertionFailedError: Le constructeur de A3 doit avoir un parametre b ==&gt; expected: not &lt;null&gt;" type="org.gradle.internal.exceptions.DefaultMultiCauseException">org.gradle.internal.exceptions.DefaultMultiCauseException: Multiple Failures (2 failures)
	org.opentest4j.AssertionFailedError: Le constructeur n'a pas le bon nombre de paramètres ==&gt; expected: &lt;1&gt; but was: &lt;0&gt;
	org.opentest4j.AssertionFailedError: Le constructeur de A3 doit avoir un parametre b ==&gt; expected: not &lt;null&gt;
	at app//org.junit.jupiter.api.AssertAll.assertAll(AssertAll.java:80)
	at app//org.junit.jupiter.api.AssertAll.assertAll(AssertAll.java:44)
	at app//org.junit.jupiter.api.AssertAll.assertAll(AssertAll.java:38)
	at app//org.junit.jupiter.api.Assertions.assertAll(Assertions.java:2944)
	at app//univ.nantes.UMLChecker.constructorCheck(UMLChecker.kt:96)
	at app//univ.nantes.UMLChecker.constructorCheck$default(UMLChecker.kt:87)
	at app//TestUmlA3.test3 - 'A3' has a constructor(TestUmlA3.kt:33)
	at java.base@11.0.26/java.lang.reflect.Method.invoke(Method.java:566)
	at java.base@11.0.26/java.util.ArrayList.forEach(ArrayList.java:1541)
	at java.base@11.0.26/java.util.ArrayList.forEach(ArrayList.java:1541)
	Suppressed: org.opentest4j.AssertionFailedError: Le constructeur n'a pas le bon nombre de paramètres ==&gt; expected: &lt;1&gt; but was: &lt;0&gt;
		at app//org.junit.jupiter.api.AssertionFailureBuilder.build(AssertionFailureBuilder.java:151)
		at app//org.junit.jupiter.api.AssertionFailureBuilder.buildAndThrow(AssertionFailureBuilder.java:132)
		at app//org.junit.jupiter.api.AssertEquals.failNotEqual(AssertEquals.java:197)
		at app//org.junit.jupiter.api.AssertEquals.assertEquals(AssertEquals.java:150)
		at app//org.junit.jupiter.api.Assertions.assertEquals(Assertions.java:563)
		at app//univ.nantes.UMLChecker.constructorCheck$lambda-2(UMLChecker.kt:104)
		at app//org.junit.jupiter.api.AssertAll.lambda$assertAll$0(AssertAll.java:68)
		at java.base@11.0.26/java.util.stream.ReferencePipeline$3$1.accept(ReferencePipeline.java:195)
		at java.base@11.0.26/java.util.Spliterators$ArraySpliterator.forEachRemaining(Spliterators.java:948)
		at java.base@11.0.26/java.util.stream.AbstractPipeline.copyInto(AbstractPipeline.java:484)
		at java.base@11.0.26/java.util.stream.AbstractPipeline.wrapAndCopyInto(AbstractPipeline.java:474)
		at java.base@11.0.26/java.util.stream.ReduceOps$ReduceOp.evaluateSequential(ReduceOps.java:913)
		at java.base@11.0.26/java.util.stream.AbstractPipeline.evaluate(AbstractPipeline.java:234)
		at java.base@11.0.26/java.util.stream.ReferencePipeline.collect(ReferencePipeline.java:578)
		at app//org.junit.jupiter.api.AssertAll.assertAll(AssertAll.java:77)
		... 9 more
	Suppressed: org.opentest4j.AssertionFailedError: Le constructeur de A3 doit avoir un parametre b ==&gt; expected: not &lt;null&gt;
		at app//org.junit.jupiter.api.AssertionFailureBuilder.build(AssertionFailureBuilder.java:152)
		at app//org.junit.jupiter.api.AssertionFailureBuilder.buildAndThrow(AssertionFailureBuilder.java:132)
		at app//org.junit.jupiter.api.AssertNotNull.failNull(AssertNotNull.java:49)
		at app//org.junit.jupiter.api.AssertNotNull.assertNotNull(AssertNotNull.java:35)
		at app//org.junit.jupiter.api.Assertions.assertNotNull(Assertions.java:312)
		at app//univ.nantes.UMLChecker.constructorCheck$lambda-4(UMLChecker.kt:112)
		at app//org.junit.jupiter.api.AssertAll.lambda$assertAll$0(AssertAll.java:68)
		at java.base@11.0.26/java.util.stream.ReferencePipeline$3$1.accept(ReferencePipeline.java:195)
		at java.base@11.0.26/java.util.Spliterators$ArraySpliterator.forEachRemaining(Spliterators.java:948)
		at java.base@11.0.26/java.util.stream.AbstractPipeline.copyInto(AbstractPipeline.java:484)
		at java.base@11.0.26/java.util.stream.AbstractPipeline.wrapAndCopyInto(AbstractPipeline.java:474)
		at java.base@11.0.26/java.util.stream.ReduceOps$ReduceOp.evaluateSequential(ReduceOps.java:913)
		at java.base@11.0.26/java.util.stream.AbstractPipeline.evaluate(AbstractPipeline.java:234)
		at java.base@11.0.26/java.util.stream.ReferencePipeline.collect(ReferencePipeline.java:578)
		at app//org.junit.jupiter.api.AssertAll.assertAll(AssertAll.java:77)
		... 9 more
Cause 1: org.opentest4j.AssertionFailedError: Le constructeur n'a pas le bon nombre de paramètres ==&gt; expected: &lt;1&gt; but was: &lt;0&gt;
	at app//org.junit.jupiter.api.AssertionFailureBuilder.build(AssertionFailureBuilder.java:151)
	at app//org.junit.jupiter.api.AssertionFailureBuilder.buildAndThrow(AssertionFailureBuilder.java:132)
	at app//org.junit.jupiter.api.AssertEquals.failNotEqual(AssertEquals.java:197)
	at app//org.junit.jupiter.api.AssertEquals.assertEquals(AssertEquals.java:150)
	at app//org.junit.jupiter.api.Assertions.assertEquals(Assertions.java:563)
	at app//univ.nantes.UMLChecker.constructorCheck$lambda-2(UMLChecker.kt:104)
	at app//org.junit.jupiter.api.AssertAll.lambda$assertAll$0(AssertAll.java:68)
	at java.base@11.0.26/java.util.stream.ReferencePipeline$3$1.accept(ReferencePipeline.java:195)
	at java.base@11.0.26/java.util.Spliterators$ArraySpliterator.forEachRemaining(Spliterators.java:948)
	at java.base@11.0.26/java.util.stream.AbstractPipeline.copyInto(AbstractPipeline.java:484)
	at java.base@11.0.26/java.util.stream.AbstractPipeline.wrapAndCopyInto(AbstractPipeline.java:474)
	at java.base@11.0.26/java.util.stream.ReduceOps$ReduceOp.evaluateSequential(ReduceOps.java:913)
	at java.base@11.0.26/java.util.stream.AbstractPipeline.evaluate(AbstractPipeline.java:234)
	at java.base@11.0.26/java.util.stream.ReferencePipeline.collect(ReferencePipeline.java:578)
	at app//org.junit.jupiter.api.AssertAll.assertAll(AssertAll.java:77)
	at app//org.junit.jupiter.api.AssertAll.assertAll(AssertAll.java:44)
	at app//org.junit.jupiter.api.AssertAll.assertAll(AssertAll.java:38)
	at app//org.junit.jupiter.api.Assertions.assertAll(Assertions.java:2944)
	at app//univ.nantes.UMLChecker.constructorCheck(UMLChecker.kt:96)
	at app//univ.nantes.UMLChecker.constructorCheck$default(UMLChecker.kt:87)
	at app//TestUmlA3.test3 - 'A3' has a constructor(TestUmlA3.kt:33)
	at java.base@11.0.26/java.lang.reflect.Method.invoke(Method.java:566)
	at java.base@11.0.26/java.util.ArrayList.forEach(ArrayList.java:1541)
	at java.base@11.0.26/java.util.ArrayList.forEach(ArrayList.java:1541)
Cause 2: org.opentest4j.AssertionFailedError: Le constructeur de A3 doit avoir un parametre b ==&gt; expected: not &lt;null&gt;
	at app//org.junit.jupiter.api.AssertionFailureBuilder.build(AssertionFailureBuilder.java:152)
	at app//org.junit.jupiter.api.AssertionFailureBuilder.buildAndThrow(AssertionFailureBuilder.java:132)
	at app//org.junit.jupiter.api.AssertNotNull.failNull(AssertNotNull.java:49)
	at app//org.junit.jupiter.api.AssertNotNull.assertNotNull(AssertNotNull.java:35)
	at app//org.junit.jupiter.api.Assertions.assertNotNull(Assertions.java:312)
	at app//univ.nantes.UMLChecker.constructorCheck$lambda-4(UMLChecker.kt:112)
	at app//org.junit.jupiter.api.AssertAll.lambda$assertAll$0(AssertAll.java:68)
	at java.base@11.0.26/java.util.stream.ReferencePipeline$3$1.accept(ReferencePipeline.java:195)
	at java.base@11.0.26/java.util.Spliterators$ArraySpliterator.forEachRemaining(Spliterators.java:948)
	at java.base@11.0.26/java.util.stream.AbstractPipeline.copyInto(AbstractPipeline.java:484)
	at java.base@11.0.26/java.util.stream.AbstractPipeline.wrapAndCopyInto(AbstractPipeline.java:474)
	at java.base@11.0.26/java.util.stream.ReduceOps$ReduceOp.evaluateSequential(ReduceOps.java:913)
	at java.base@11.0.26/java.util.stream.AbstractPipeline.evaluate(AbstractPipeline.java:234)
	at java.base@11.0.26/java.util.stream.ReferencePipeline.collect(ReferencePipeline.java:578)
	at app//org.junit.jupiter.api.AssertAll.assertAll(AssertAll.java:77)
	at app//org.junit.jupiter.api.AssertAll.assertAll(AssertAll.java:44)
	at app//org.junit.jupiter.api.AssertAll.assertAll(AssertAll.java:38)
	at app//org.junit.jupiter.api.Assertions.assertAll(Assertions.java:2944)
	at app//univ.nantes.UMLChecker.constructorCheck(UMLChecker.kt:96)
	at app//univ.nantes.UMLChecker.constructorCheck$default(UMLChecker.kt:87)
	at app//TestUmlA3.test3 - 'A3' has a constructor(TestUmlA3.kt:33)
	at java.base@11.0.26/java.lang.reflect.Method.invoke(Method.java:566)
	at java.base@11.0.26/java.util.ArrayList.forEach(ArrayList.java:1541)
	at java.base@11.0.26/java.util.ArrayList.forEach(ArrayList.java:1541)
</failure>
  </testcase>
  <testcase name="test5 - 'A3' has an attribute 'b'()" classname="TestUmlA3" time="0.001">
    <failure message="org.opentest4j.AssertionFailedError: A3 doit avoir un attribut b ==&gt; expected: not &lt;null&gt;" type="org.opentest4j.AssertionFailedError">org.opentest4j.AssertionFailedError: A3 doit avoir un attribut b ==&gt; expected: not &lt;null&gt;
	at app//org.junit.jupiter.api.AssertionFailureBuilder.build(AssertionFailureBuilder.java:152)
	at app//org.junit.jupiter.api.AssertionFailureBuilder.buildAndThrow(AssertionFailureBuilder.java:132)
	at app//org.junit.jupiter.api.AssertNotNull.failNull(AssertNotNull.java:49)
	at app//org.junit.jupiter.api.AssertNotNull.assertNotNull(AssertNotNull.java:35)
	at app//org.junit.jupiter.api.Assertions.assertNotNull(Assertions.java:312)
	at app//univ.nantes.UMLChecker.attributeCheck(UMLChecker.kt:163)
	at app//univ.nantes.UMLChecker.attributeCheck$default(UMLChecker.kt:156)
	at app//TestUmlA3.test5 - 'A3' has an attribute 'b'(TestUmlA3.kt:43)
	at java.base@11.0.26/java.lang.reflect.Method.invoke(Method.java:566)
	at java.base@11.0.26/java.util.ArrayList.forEach(ArrayList.java:1541)
	at java.base@11.0.26/java.util.ArrayList.forEach(ArrayList.java:1541)
</failure>
  </testcase>
  <testcase name="test1 - class A3 is open or not()" classname="TestUmlA3" time="0.0"/>
  <testcase name="test4 - 'A3' has attribute(s)()" classname="TestUmlA3" time="0.001">
    <failure message="org.opentest4j.AssertionFailedError: A3 doit déclarer 1 attribut(s) ==&gt; expected: &lt;1&gt; but was: &lt;0&gt;" type="org.opentest4j.AssertionFailedError">org.opentest4j.AssertionFailedError: A3 doit déclarer 1 attribut(s) ==&gt; expected: &lt;1&gt; but was: &lt;0&gt;
	at app//org.junit.jupiter.api.AssertionFailureBuilder.build(AssertionFailureBuilder.java:151)
	at app//org.junit.jupiter.api.AssertionFailureBuilder.buildAndThrow(AssertionFailureBuilder.java:132)
	at app//org.junit.jupiter.api.AssertEquals.failNotEqual(AssertEquals.java:197)
	at app//org.junit.jupiter.api.AssertEquals.assertEquals(AssertEquals.java:150)
	at app//org.junit.jupiter.api.Assertions.assertEquals(Assertions.java:563)
	at app//univ.nantes.UMLChecker.attributeNumber(UMLChecker.kt:136)
	at app//univ.nantes.UMLChecker.attributeNumber$default(UMLChecker.kt:133)
	at app//TestUmlA3.test4 - 'A3' has attribute(s)(TestUmlA3.kt:38)
	at java.base@11.0.26/java.lang.reflect.Method.invoke(Method.java:566)
	at java.base@11.0.26/java.util.ArrayList.forEach(ArrayList.java:1541)
	at java.base@11.0.26/java.util.ArrayList.forEach(ArrayList.java:1541)
</failure>
  </testcase>
  <system-out><![CDATA[]]></system-out>
  <system-err><![CDATA[]]></system-err>
</testsuite>
